<?xml version="1.0" encoding="UTF-8"?>
<!-- Generated by org.testng.reporters.JUnitXMLReporter -->
<testsuite hostname="Sanjeet3149591" ignored="0" name="Order Flow Test for present payload json" tests="11" failures="1" timestamp="17 Dec 2018 08:53:59 GMT" time="8.422" errors="0">
  <testcase name="placeNewOrderInPresent" time="2.969" classname="com.nagarro.testCases.TestcasesForOrderPlacedInPresentNFuture"/>
  <testcase name="cancelOrder" time="0.11" classname="com.nagarro.testCases.TestcasesForOrderPlacedInPresentNFuture"/>
  <testcase name="fetchTheOrderDetails" time="0.85" classname="com.nagarro.testCases.TestcasesForOrderPlacedInPresentNFuture"/>
  <testcase name="takeTheOrderDetails" time="0.194" classname="com.nagarro.testCases.TestcasesForOrderPlacedInPresentNFuture"/>
  <testcase name="CompleteTheOrderDetails" time="0.155" classname="com.nagarro.testCases.TestcasesForOrderPlacedInPresentNFuture"/>
  <testcase name="CompleteTheNewOrder" time="0.595" classname="com.nagarro.testCases.TestcasesForOrderPlacedInPresentNFuture"/>
  <testcase name="CompleteTheOrderAfterCompleted" time="0.738" classname="com.nagarro.testCases.TestcasesForOrderPlacedInPresentNFuture"/>
  <testcase name="cancelTheOrderAfterCompleted" time="0.705" classname="com.nagarro.testCases.TestcasesForOrderPlacedInPresentNFuture"/>
  <testcase name="cancelTheOrderAfterCancel" time="0.598" classname="com.nagarro.testCases.TestcasesForOrderPlacedInPresentNFuture">
    <failure type="java.lang.AssertionError" message="Status code is not 422 expected [422] but found [200]">
      <![CDATA[java.lang.AssertionError: Status code is not 422 expected [422] but found [200]
at com.nagarro.testCases.TestcasesForOrderPlacedInPresentNFuture.CommonUtilityForResponseCode422(TestcasesForOrderPlacedInPresentNFuture.java:246)
at com.nagarro.testCases.TestcasesForOrderPlacedInPresentNFuture.cancelTheOrderAfterCancel(TestcasesForOrderPlacedInPresentNFuture.java:313)
... Removed 30 stack frames]]>
    </failure>
  </testcase> <!-- cancelTheOrderAfterCancel -->
  <testcase name="CompleteTheOrderAfterCancel" time="1.033" classname="com.nagarro.testCases.TestcasesForOrderPlacedInPresentNFuture"/>
  <testcase name="fetchTheOrderDetailsNotCreated" time="0.096" classname="com.nagarro.testCases.TestcasesForOrderPlacedInPresentNFuture"/>
</testsuite> <!-- Order Flow Test for present payload json -->
