<?xml version="1.0" encoding="UTF-8"?>
<!-- Generated by org.testng.reporters.JUnitXMLReporter -->
<testsuite hostname="Sanjeet3149591" ignored="0" name="place order at more than 3 stops in present and future" tests="11" failures="1" timestamp="17 Dec 2018 12:58:35 GMT" time="3.856" errors="0">
  <testcase name="placeNewOrderInPresent" time="0.207" classname="com.nagarro.testCases.TestcasesForMoreThan3StopsInPresentFutureTest"/>
  <testcase name="cancelOrder" time="0.094" classname="com.nagarro.testCases.TestcasesForMoreThan3StopsInPresentFutureTest"/>
  <testcase name="fetchTheOrderDetails" time="0.376" classname="com.nagarro.testCases.TestcasesForMoreThan3StopsInPresentFutureTest"/>
  <testcase name="takeTheOrderDetails" time="0.084" classname="com.nagarro.testCases.TestcasesForMoreThan3StopsInPresentFutureTest"/>
  <testcase name="CompleteTheOrderDetails" time="0.098" classname="com.nagarro.testCases.TestcasesForMoreThan3StopsInPresentFutureTest"/>
  <testcase name="CompleteTheNewOrder" time="0.382" classname="com.nagarro.testCases.TestcasesForMoreThan3StopsInPresentFutureTest"/>
  <testcase name="CompleteTheOrderAfterCompleted" time="0.562" classname="com.nagarro.testCases.TestcasesForMoreThan3StopsInPresentFutureTest"/>
  <testcase name="cancelTheOrderAfterCompleted" time="0.541" classname="com.nagarro.testCases.TestcasesForMoreThan3StopsInPresentFutureTest"/>
  <testcase name="cancelTheOrderAfterCancel" time="0.682" classname="com.nagarro.testCases.TestcasesForMoreThan3StopsInPresentFutureTest">
    <failure type="java.lang.AssertionError" message="Status code is not 422 expected [422] but found [200]">
      <![CDATA[java.lang.AssertionError: Status code is not 422 expected [422] but found [200]
at com.nagarro.testCases.TestcasesForMoreThan3StopsInPresentFutureTest.CommonUtilityForResponseCode422(TestcasesForMoreThan3StopsInPresentFutureTest.java:250)
at com.nagarro.testCases.TestcasesForMoreThan3StopsInPresentFutureTest.cancelTheOrderAfterCancel(TestcasesForMoreThan3StopsInPresentFutureTest.java:317)
... Removed 30 stack frames]]>
    </failure>
  </testcase> <!-- cancelTheOrderAfterCancel -->
  <testcase name="CompleteTheOrderAfterCancel" time="0.718" classname="com.nagarro.testCases.TestcasesForMoreThan3StopsInPresentFutureTest"/>
  <testcase name="fetchTheOrderDetailsNotCreated" time="0.07" classname="com.nagarro.testCases.TestcasesForMoreThan3StopsInPresentFutureTest"/>
</testsuite> <!-- place order at more than 3 stops in present and future -->
