<?xml version="1.0" encoding="UTF-8"?>
<!-- Generated by org.testng.reporters.JUnitReportReporter -->
<testsuite skipped="0" hostname="Sanjeet3149591" name="com.nagarro.TestCases.TestcasesForOrderPlacedInPresentNFuture" tests="11" failures="1" timestamp="17 Dec 2018 04:33:14 GMT" time="12.377" errors="0">
  <testcase name="placeNewOrderInPresent" time="5.847" classname="com.nagarro.TestCases.TestcasesForOrderPlacedInPresentNFuture"/>
  <testcase name="cancelOrder" time="0.211" classname="com.nagarro.TestCases.TestcasesForOrderPlacedInPresentNFuture"/>
  <testcase name="fetchTheOrderDetails" time="0.939" classname="com.nagarro.TestCases.TestcasesForOrderPlacedInPresentNFuture"/>
  <testcase name="takeTheOrderDetails" time="0.198" classname="com.nagarro.TestCases.TestcasesForOrderPlacedInPresentNFuture"/>
  <testcase name="CompleteTheOrderDetails" time="0.181" classname="com.nagarro.TestCases.TestcasesForOrderPlacedInPresentNFuture"/>
  <testcase name="CompleteTheNewOrder" time="0.614" classname="com.nagarro.TestCases.TestcasesForOrderPlacedInPresentNFuture"/>
  <testcase name="CompleteTheOrderAfterCompleted" time="0.989" classname="com.nagarro.TestCases.TestcasesForOrderPlacedInPresentNFuture"/>
  <testcase name="cancelTheOrderAfterCompleted" time="1.427" classname="com.nagarro.TestCases.TestcasesForOrderPlacedInPresentNFuture"/>
  <testcase name="cancelTheOrderAfterCancel" time="1.011" classname="com.nagarro.TestCases.TestcasesForOrderPlacedInPresentNFuture">
    <failure type="java.lang.AssertionError" message="Status code is not 422 expected [422] but found [200]">
      <![CDATA[java.lang.AssertionError: Status code is not 422 expected [422] but found [200]
at org.testng.Assert.fail(Assert.java:96)
at org.testng.Assert.failNotEquals(Assert.java:776)
at org.testng.Assert.assertEqualsImpl(Assert.java:137)
at org.testng.Assert.assertEquals(Assert.java:118)
at org.testng.Assert.assertEquals(Assert.java:652)
at com.nagarro.TestCases.TestcasesForOrderPlacedInPresentNFuture.CommonUtilityForResponseCode422(TestcasesForOrderPlacedInPresentNFuture.java:246)
at com.nagarro.TestCases.TestcasesForOrderPlacedInPresentNFuture.cancelTheOrderAfterCancel(TestcasesForOrderPlacedInPresentNFuture.java:313)
at sun.reflect.NativeMethodAccessorImpl.invoke0(Native Method)
at sun.reflect.NativeMethodAccessorImpl.invoke(Unknown Source)
at sun.reflect.DelegatingMethodAccessorImpl.invoke(Unknown Source)
at java.lang.reflect.Method.invoke(Unknown Source)
at org.testng.internal.MethodInvocationHelper.invokeMethod(MethodInvocationHelper.java:124)
at org.testng.internal.Invoker.invokeMethod(Invoker.java:583)
at org.testng.internal.Invoker.invokeTestMethod(Invoker.java:719)
at org.testng.internal.Invoker.invokeTestMethods(Invoker.java:989)
at org.testng.internal.TestMethodWorker.invokeTestMethods(TestMethodWorker.java:125)
at org.testng.internal.TestMethodWorker.run(TestMethodWorker.java:109)
at org.testng.TestRunner.privateRun(TestRunner.java:648)
at org.testng.TestRunner.run(TestRunner.java:505)
at org.testng.SuiteRunner.runTest(SuiteRunner.java:455)
at org.testng.SuiteRunner.runSequentially(SuiteRunner.java:450)
at org.testng.SuiteRunner.privateRun(SuiteRunner.java:415)
at org.testng.SuiteRunner.run(SuiteRunner.java:364)
at org.testng.SuiteRunnerWorker.runSuite(SuiteRunnerWorker.java:52)
at org.testng.SuiteRunnerWorker.run(SuiteRunnerWorker.java:84)
at org.testng.TestNG.runSuitesSequentially(TestNG.java:1208)
at org.testng.TestNG.runSuitesLocally(TestNG.java:1137)
at org.testng.TestNG.runSuites(TestNG.java:1049)
at org.testng.TestNG.run(TestNG.java:1017)
at org.testng.remote.AbstractRemoteTestNG.run(AbstractRemoteTestNG.java:114)
at org.testng.remote.RemoteTestNG.initAndRun(RemoteTestNG.java:251)
at org.testng.remote.RemoteTestNG.main(RemoteTestNG.java:77)
]]>
    </failure>
  </testcase> <!-- cancelTheOrderAfterCancel -->
  <testcase name="CompleteTheOrderAfterCancel" time="0.881" classname="com.nagarro.TestCases.TestcasesForOrderPlacedInPresentNFuture"/>
  <testcase name="fetchTheOrderDetailsNotCreated" time="0.079" classname="com.nagarro.TestCases.TestcasesForOrderPlacedInPresentNFuture"/>
</testsuite> <!-- com.nagarro.TestCases.TestcasesForOrderPlacedInPresentNFuture -->
